<?xml version="1.0" encoding="UTF-8"?>
<!-- Generated by org.testng.reporters.JUnitXMLReporter -->
<testsuite ignored="2" hostname="DESKTOP-U2OTR99" failures="0" tests="1" name="Default test" time="0.045" errors="0" timestamp="2022-07-19T13:02:24 IDT">
  <testcase classname="com.ballarddesigns.demoTests.NewTest" name="test2" time="0.01"/>
  <testcase classname="com.ballarddesigns.demoTests.NewTest" name="test3" time="0.0">
    <ignored/>
  </testcase> <!-- test3 -->
  <testcase classname="com.ballarddesigns.demoTests.NewTest" name="test1" time="0.0">
    <ignored/>
  </testcase> <!-- test1 -->
</testsuite> <!-- Default test -->
