<?xml version="1.0" encoding="UTF-8"?>
<!-- Generated by org.testng.reporters.JUnitXMLReporter -->
<testsuite ignored="3" hostname="DESKTOP-U2OTR99" failures="0" tests="3" name="BallardDesigns" time="18.312" errors="0" timestamp="2022-07-19T12:45:31 IDT">
  <testcase classname="com.ballarddesigns.Tests.BallardDesigns" name="LaunchApp" time="0.872"/>
  <testcase classname="com.ballarddesigns.Tests.BallardDesigns" name="NavigateToSignIn_Register" time="10.502"/>
  <testcase classname="com.ballarddesigns.Tests.BallardDesigns" name="EnterLoginDetails" time="4.49"/>
  <testcase classname="com.ballarddesigns.Tests.BallardDesigns" name="VerifyTheuserNavigatedToSignIN" time="0.0">
    <ignored/>
  </testcase> <!-- VerifyTheuserNavigatedToSignIN -->
  <testcase classname="com.ballarddesigns.Tests.BallardDesigns" name="VerifyTheLogoIsDisplayed" time="0.0">
    <ignored/>
  </testcase> <!-- VerifyTheLogoIsDisplayed -->
  <testcase classname="com.ballarddesigns.Tests.BallardDesigns" name="VerifySignIn_RegisterIconIsDisplayed" time="0.0">
    <ignored/>
  </testcase> <!-- VerifySignIn_RegisterIconIsDisplayed -->
</testsuite> <!-- BallardDesigns -->
